2016/02/04 16:47:35 INFO  - jmeter.util.JMeterUtils: Setting Locale to en_US 
2016/02/04 16:47:36 INFO  - jmeter.JMeter: Loading user properties from: /usr/local/apache-jmeter-2.13/bin/user.properties 
2016/02/04 16:47:36 INFO  - jmeter.JMeter: Loading system properties from: /usr/local/apache-jmeter-2.13/bin/system.properties 
2016/02/04 16:47:36 INFO  - jmeter.JMeter: Copyright (c) 1998-2015 The Apache Software Foundation 
2016/02/04 16:47:36 INFO  - jmeter.JMeter: Version 2.13 r1665067 
2016/02/04 16:47:36 INFO  - jmeter.JMeter: java.version=1.8.0_60 
2016/02/04 16:47:36 INFO  - jmeter.JMeter: java.vm.name=Java HotSpot(TM) 64-Bit Server VM 
2016/02/04 16:47:36 INFO  - jmeter.JMeter: os.name=Mac OS X 
2016/02/04 16:47:36 INFO  - jmeter.JMeter: os.arch=x86_64 
2016/02/04 16:47:36 INFO  - jmeter.JMeter: os.version=10.11.3 
2016/02/04 16:47:36 INFO  - jmeter.JMeter: file.encoding=UTF-8 
2016/02/04 16:47:36 INFO  - jmeter.JMeter: Default Locale=English (United States) 
2016/02/04 16:47:36 INFO  - jmeter.JMeter: JMeter  Locale=English (United States) 
2016/02/04 16:47:36 INFO  - jmeter.JMeter: JMeterHome=/usr/local/apache-jmeter-2.13 
2016/02/04 16:47:36 INFO  - jmeter.JMeter: user.dir  =/Users/chrisstetson/dev_projects/ngra-pages 
2016/02/04 16:47:36 INFO  - jmeter.JMeter: PWD       =/Users/chrisstetson/dev_projects/ngra-pages 
2016/02/04 16:47:36 INFO  - jmeter.JMeter: IP: 192.168.99.1 Name: chrisstetson-macbook.local FullName: 192.168.99.1 
2016/02/04 16:47:36 INFO  - jmeter.gui.action.LookAndFeelCommand: Using look and feel: com.apple.laf.AquaLookAndFeel [Mac OS X, System] 
2016/02/04 16:47:36 INFO  - jmeter.JMeter: Loaded icon properties from org/apache/jmeter/images/icon.properties 
2016/02/04 16:47:39 INFO  - jmeter.engine.util.CompoundVariable: Note: Function class names must contain the string: '.functions.' 
2016/02/04 16:47:39 INFO  - jmeter.engine.util.CompoundVariable: Note: Function class names must not contain the string: '.gui.' 
2016/02/04 16:47:40 INFO  - jmeter.util.BSFTestElement: Registering JMeter version of JavaScript engine as work-round for BSF-22 
2016/02/04 16:47:40 INFO  - jmeter.protocol.http.sampler.HTTPSamplerBase: Cannot find .className property for htmlParser, using default 
2016/02/04 16:47:40 INFO  - jmeter.protocol.http.sampler.HTTPSamplerBase: Parser for text/html is  
2016/02/04 16:47:40 INFO  - jmeter.protocol.http.sampler.HTTPSamplerBase: Parser for application/xhtml+xml is  
2016/02/04 16:47:40 INFO  - jmeter.protocol.http.sampler.HTTPSamplerBase: Parser for application/xml is  
2016/02/04 16:47:40 INFO  - jmeter.protocol.http.sampler.HTTPSamplerBase: Parser for text/xml is  
2016/02/04 16:47:40 INFO  - jmeter.protocol.http.sampler.HTTPSamplerBase: Parser for text/vnd.wap.wml is org.apache.jmeter.protocol.http.parser.RegexpHTMLParser 
2016/02/04 16:47:41 INFO  - jmeter.gui.util.MenuFactory: Skipping org.apache.jmeter.protocol.http.control.gui.WebServiceSamplerGui 
2016/02/04 16:47:41 INFO  - jmeter.gui.util.MenuFactory: Skipping org.apache.jmeter.protocol.http.modifier.gui.ParamModifierGui 
2016/02/04 16:47:41 INFO  - jorphan.exec.KeyToolUtils: keytool found at 'keytool' 
2016/02/04 16:47:41 INFO  - jmeter.protocol.http.proxy.ProxyControl: HTTP(S) Test Script Recorder SSL Proxy will use keys that support embedded 3rd party resources in file /usr/local/apache-jmeter-2.13/bin/proxyserver.jks 
2016/02/04 16:47:42 INFO  - jmeter.samplers.SampleResult: Note: Sample TimeStamps are START times 
2016/02/04 16:47:42 INFO  - jmeter.samplers.SampleResult: sampleresult.default.encoding is set to ISO-8859-1 
2016/02/04 16:47:42 INFO  - jmeter.samplers.SampleResult: sampleresult.useNanoTime=true 
2016/02/04 16:47:42 INFO  - jmeter.samplers.SampleResult: sampleresult.nanoThreadSleep=5000 
2016/02/11 09:47:59 INFO  - jmeter.services.FileServer: Default base='/Users/chrisstetson/dev_projects/ngra-pages' 
2016/02/11 09:47:59 INFO  - jmeter.gui.action.Load: Loading file: /Users/chrisstetson/dev_projects/tests/NGRA_Test.jmx 
2016/02/11 09:47:59 INFO  - jmeter.services.FileServer: Set new base='/Users/chrisstetson/dev_projects/tests' 
2016/02/11 09:47:59 INFO  - jmeter.save.SaveService: Testplan (JMX) version: 2.2. Testlog (JTL) version: 2.2 
2016/02/11 09:47:59 INFO  - jmeter.save.SaveService: Using SaveService properties file encoding UTF-8 
2016/02/11 09:47:59 INFO  - jmeter.save.SaveService: Using SaveService properties file version 1656252 
2016/02/11 09:47:59 INFO  - jmeter.save.SaveService: Using SaveService properties version 2.8 
2016/02/11 09:47:59 INFO  - jmeter.save.SaveService: All converter versions present and correct 
2016/02/11 09:47:59 INFO  - jmeter.save.SaveService: Loading file: /Users/chrisstetson/dev_projects/tests/NGRA_Test.jmx 
2016/02/11 09:47:59 INFO  - jmeter.services.FileServer: Set new base='/Users/chrisstetson/dev_projects/tests' 
2016/02/16 18:53:48 INFO  - jmeter.engine.StandardJMeterEngine: Listeners will be started after enabling running version 
2016/02/16 18:53:48 INFO  - jmeter.engine.StandardJMeterEngine: To revert to the earlier behaviour, define jmeterengine.startlistenerslater=false 
2016/02/16 18:53:48 INFO  - jmeter.engine.StandardJMeterEngine: Running the test! 
2016/02/16 18:53:48 INFO  - jmeter.samplers.SampleEvent: List of sample_variables: [] 
2016/02/16 18:53:48 INFO  - jmeter.samplers.SampleEvent: List of sample_variables: [] 
2016/02/16 18:53:48 INFO  - jmeter.testelement.TestPlan: add /Users/chrisstetson/Pictures/ny_orchid_show_2002 to classpath 
2016/02/16 18:53:48 INFO  - jmeter.gui.util.JMeterMenuBar: setRunning(true,*local*) 
2016/02/16 18:53:49 INFO  - jmeter.engine.StandardJMeterEngine: Starting ThreadGroup: 1 : Users 
2016/02/16 18:53:49 INFO  - jmeter.engine.StandardJMeterEngine: Starting 10 threads for group Users. 
2016/02/16 18:53:49 INFO  - jmeter.engine.StandardJMeterEngine: Thread will continue on error 
2016/02/16 18:53:49 INFO  - jmeter.threads.ThreadGroup: Starting thread group number 1 threads 10 ramp-up 10 perThread 1000.0 delayedStart=false 
2016/02/16 18:53:49 INFO  - jmeter.threads.JMeterThread: jmeterthread.startearlier=true (see jmeter.properties) 
2016/02/16 18:53:49 INFO  - jmeter.threads.JMeterThread: Running PostProcessors in forward order 
2016/02/16 18:53:49 INFO  - jmeter.threads.JMeterThread: Thread started: Users 1-1 
2016/02/16 18:53:49 INFO  - jmeter.threads.ThreadGroup: Started thread group number 1 
2016/02/16 18:53:49 INFO  - jmeter.engine.StandardJMeterEngine: All thread groups have been started 
2016/02/16 18:53:49 INFO  - jmeter.protocol.http.sampler.HTTPJavaImpl: Maximum connection retries = 10 
2016/02/16 18:53:50 INFO  - jmeter.threads.JMeterThread: Thread started: Users 1-2 
2016/02/16 18:53:51 INFO  - jmeter.threads.JMeterThread: Thread started: Users 1-3 
2016/02/16 18:53:52 INFO  - jmeter.threads.JMeterThread: Thread started: Users 1-4 
2016/02/16 18:53:53 INFO  - jmeter.threads.JMeterThread: Thread started: Users 1-5 
2016/02/16 18:53:54 INFO  - jmeter.threads.JMeterThread: Thread started: Users 1-6 
2016/02/16 18:53:55 INFO  - jmeter.threads.JMeterThread: Thread started: Users 1-7 
2016/02/16 18:53:56 INFO  - jmeter.threads.JMeterThread: Thread started: Users 1-8 
2016/02/16 18:53:57 INFO  - jmeter.threads.JMeterThread: Thread started: Users 1-9 
2016/02/16 18:53:58 INFO  - jmeter.threads.JMeterThread: Thread started: Users 1-10 
2016/02/16 18:56:24 ERROR - jmeter.protocol.http.sampler.HTTPJavaImpl: readResponse: java.io.IOException: Server returned HTTP response code: 502 for URL: http://uploader.mesos.ps.nginxlab.com/album 
2016/02/16 18:56:24 ERROR - jmeter.protocol.http.sampler.HTTPJavaImpl: Cause: java.io.IOException: Server returned HTTP response code: 502 for URL: http://uploader.mesos.ps.nginxlab.com/album 
2016/02/16 18:56:24 INFO  - jmeter.protocol.http.sampler.HTTPJavaImpl: Error Response Code: 502 
2016/02/16 18:57:09 ERROR - jmeter.protocol.http.sampler.HTTPJavaImpl: readResponse: java.io.IOException: Server returned HTTP response code: 502 for URL: http://uploader.mesos.ps.nginxlab.com/album 
2016/02/16 18:57:09 ERROR - jmeter.protocol.http.sampler.HTTPJavaImpl: Cause: java.io.IOException: Server returned HTTP response code: 502 for URL: http://uploader.mesos.ps.nginxlab.com/album 
2016/02/16 18:57:09 INFO  - jmeter.protocol.http.sampler.HTTPJavaImpl: Error Response Code: 502 
2016/02/16 18:57:14 ERROR - jmeter.protocol.http.sampler.HTTPJavaImpl: readResponse: java.io.IOException: Server returned HTTP response code: 502 for URL: http://uploader.mesos.ps.nginxlab.com/album 
2016/02/16 18:57:14 ERROR - jmeter.protocol.http.sampler.HTTPJavaImpl: Cause: java.io.IOException: Server returned HTTP response code: 502 for URL: http://uploader.mesos.ps.nginxlab.com/album 
2016/02/16 18:57:14 INFO  - jmeter.protocol.http.sampler.HTTPJavaImpl: Error Response Code: 502 
2016/02/16 18:57:17 ERROR - jmeter.protocol.http.sampler.HTTPJavaImpl: readResponse: java.io.IOException: Server returned HTTP response code: 502 for URL: http://uploader.mesos.ps.nginxlab.com/album 
2016/02/16 18:57:17 ERROR - jmeter.protocol.http.sampler.HTTPJavaImpl: Cause: java.io.IOException: Server returned HTTP response code: 502 for URL: http://uploader.mesos.ps.nginxlab.com/album 
2016/02/16 18:57:17 INFO  - jmeter.protocol.http.sampler.HTTPJavaImpl: Error Response Code: 502 
2016/02/16 18:57:21 ERROR - jmeter.protocol.http.sampler.HTTPJavaImpl: readResponse: java.io.IOException: Server returned HTTP response code: 502 for URL: http://uploader.mesos.ps.nginxlab.com/album 
2016/02/16 18:57:21 ERROR - jmeter.protocol.http.sampler.HTTPJavaImpl: Cause: java.io.IOException: Server returned HTTP response code: 502 for URL: http://uploader.mesos.ps.nginxlab.com/album 
2016/02/16 18:57:21 INFO  - jmeter.protocol.http.sampler.HTTPJavaImpl: Error Response Code: 502 
2016/02/16 18:58:42 ERROR - jmeter.protocol.http.sampler.HTTPJavaImpl: readResponse: java.io.IOException: Server returned HTTP response code: 502 for URL: http://uploader.mesos.ps.nginxlab.com/album 
2016/02/16 18:58:42 ERROR - jmeter.protocol.http.sampler.HTTPJavaImpl: Cause: java.io.IOException: Server returned HTTP response code: 502 for URL: http://uploader.mesos.ps.nginxlab.com/album 
2016/02/16 18:58:42 INFO  - jmeter.protocol.http.sampler.HTTPJavaImpl: Error Response Code: 502 
2016/02/16 18:59:01 ERROR - jmeter.protocol.http.sampler.HTTPJavaImpl: readResponse: java.io.IOException: Server returned HTTP response code: 502 for URL: http://uploader.mesos.ps.nginxlab.com/album 
2016/02/16 18:59:01 ERROR - jmeter.protocol.http.sampler.HTTPJavaImpl: Cause: java.io.IOException: Server returned HTTP response code: 502 for URL: http://uploader.mesos.ps.nginxlab.com/album 
2016/02/16 18:59:01 INFO  - jmeter.protocol.http.sampler.HTTPJavaImpl: Error Response Code: 502 
2016/02/16 18:59:03 INFO  - jmeter.gui.action.Start: Shutting test down 
2016/02/16 18:59:03 INFO  - jmeter.threads.JMeterThread: Stopping: Users 1-5 
2016/02/16 18:59:03 INFO  - jmeter.threads.JMeterThread: Stopping: Users 1-6 
2016/02/16 18:59:03 INFO  - jmeter.threads.JMeterThread: Stopping: Users 1-10 
2016/02/16 18:59:03 INFO  - jmeter.threads.JMeterThread: Stopping: Users 1-4 
2016/02/16 18:59:03 INFO  - jmeter.threads.JMeterThread: Stopping: Users 1-1 
2016/02/16 18:59:03 INFO  - jmeter.threads.JMeterThread: Stopping: Users 1-7 
2016/02/16 18:59:03 INFO  - jmeter.threads.JMeterThread: Stopping: Users 1-9 
2016/02/16 18:59:03 INFO  - jmeter.threads.JMeterThread: Stopping: Users 1-2 
2016/02/16 18:59:03 INFO  - jmeter.threads.JMeterThread: Stopping: Users 1-3 
2016/02/16 18:59:03 INFO  - jmeter.threads.JMeterThread: Stopping: Users 1-8 
2016/02/16 18:59:07 ERROR - jmeter.protocol.http.sampler.HTTPJavaImpl: readResponse: java.io.IOException: Server returned HTTP response code: 502 for URL: http://uploader.mesos.ps.nginxlab.com/album 
2016/02/16 18:59:07 ERROR - jmeter.protocol.http.sampler.HTTPJavaImpl: Cause: java.io.IOException: Server returned HTTP response code: 502 for URL: http://uploader.mesos.ps.nginxlab.com/album 
2016/02/16 18:59:07 INFO  - jmeter.protocol.http.sampler.HTTPJavaImpl: Error Response Code: 502 
2016/02/16 18:59:07 INFO  - jmeter.threads.JMeterThread: Thread finished: Users 1-5 
2016/02/16 19:00:00 ERROR - jmeter.protocol.http.sampler.HTTPJavaImpl: readResponse: java.io.IOException: Server returned HTTP response code: 502 for URL: http://uploader.mesos.ps.nginxlab.com/album 
2016/02/16 19:00:00 ERROR - jmeter.protocol.http.sampler.HTTPJavaImpl: Cause: java.io.IOException: Server returned HTTP response code: 502 for URL: http://uploader.mesos.ps.nginxlab.com/album 
2016/02/16 19:00:00 INFO  - jmeter.protocol.http.sampler.HTTPJavaImpl: Error Response Code: 502 
2016/02/16 19:00:00 INFO  - jmeter.threads.JMeterThread: Thread finished: Users 1-4 
2016/02/16 19:00:04 ERROR - jmeter.protocol.http.sampler.HTTPJavaImpl: readResponse: java.io.IOException: Server returned HTTP response code: 502 for URL: http://uploader.mesos.ps.nginxlab.com/album 
2016/02/16 19:00:04 ERROR - jmeter.protocol.http.sampler.HTTPJavaImpl: Cause: java.io.IOException: Server returned HTTP response code: 502 for URL: http://uploader.mesos.ps.nginxlab.com/album 
2016/02/16 19:00:04 INFO  - jmeter.protocol.http.sampler.HTTPJavaImpl: Error Response Code: 502 
2016/02/16 19:00:04 INFO  - jmeter.threads.JMeterThread: Thread finished: Users 1-6 
2016/02/16 19:00:07 ERROR - jmeter.protocol.http.sampler.HTTPJavaImpl: readResponse: java.io.IOException: Server returned HTTP response code: 502 for URL: http://uploader.mesos.ps.nginxlab.com/album 
2016/02/16 19:00:07 ERROR - jmeter.protocol.http.sampler.HTTPJavaImpl: Cause: java.io.IOException: Server returned HTTP response code: 502 for URL: http://uploader.mesos.ps.nginxlab.com/album 
2016/02/16 19:00:07 INFO  - jmeter.protocol.http.sampler.HTTPJavaImpl: Error Response Code: 502 
2016/02/16 19:00:07 INFO  - jmeter.threads.JMeterThread: Thread finished: Users 1-10 
2016/02/16 19:00:09 ERROR - jmeter.protocol.http.sampler.HTTPJavaImpl: readResponse: java.io.IOException: Server returned HTTP response code: 502 for URL: http://uploader.mesos.ps.nginxlab.com/album 
2016/02/16 19:00:09 ERROR - jmeter.protocol.http.sampler.HTTPJavaImpl: Cause: java.io.IOException: Server returned HTTP response code: 502 for URL: http://uploader.mesos.ps.nginxlab.com/album 
2016/02/16 19:00:09 INFO  - jmeter.protocol.http.sampler.HTTPJavaImpl: Error Response Code: 502 
2016/02/16 19:00:09 INFO  - jmeter.threads.JMeterThread: Thread finished: Users 1-9 
2016/02/16 19:00:19 ERROR - jmeter.protocol.http.sampler.HTTPJavaImpl: readResponse: java.io.IOException: Server returned HTTP response code: 502 for URL: http://uploader.mesos.ps.nginxlab.com/album 
2016/02/16 19:00:19 ERROR - jmeter.protocol.http.sampler.HTTPJavaImpl: Cause: java.io.IOException: Server returned HTTP response code: 502 for URL: http://uploader.mesos.ps.nginxlab.com/album 
2016/02/16 19:00:19 INFO  - jmeter.protocol.http.sampler.HTTPJavaImpl: Error Response Code: 502 
2016/02/16 19:00:19 INFO  - jmeter.threads.JMeterThread: Thread finished: Users 1-1 
2016/02/16 19:00:28 ERROR - jmeter.protocol.http.sampler.HTTPJavaImpl: readResponse: java.io.IOException: Server returned HTTP response code: 502 for URL: http://uploader.mesos.ps.nginxlab.com/album 
2016/02/16 19:00:28 ERROR - jmeter.protocol.http.sampler.HTTPJavaImpl: Cause: java.io.IOException: Server returned HTTP response code: 502 for URL: http://uploader.mesos.ps.nginxlab.com/album 
2016/02/16 19:00:28 INFO  - jmeter.protocol.http.sampler.HTTPJavaImpl: Error Response Code: 502 
2016/02/16 19:00:28 INFO  - jmeter.threads.JMeterThread: Thread finished: Users 1-2 
2016/02/16 19:00:41 ERROR - jmeter.protocol.http.sampler.HTTPJavaImpl: readResponse: java.io.IOException: Server returned HTTP response code: 502 for URL: http://uploader.mesos.ps.nginxlab.com/album 
2016/02/16 19:00:41 ERROR - jmeter.protocol.http.sampler.HTTPJavaImpl: Cause: java.io.IOException: Server returned HTTP response code: 502 for URL: http://uploader.mesos.ps.nginxlab.com/album 
2016/02/16 19:00:41 INFO  - jmeter.protocol.http.sampler.HTTPJavaImpl: Error Response Code: 502 
2016/02/16 19:00:41 INFO  - jmeter.threads.JMeterThread: Thread finished: Users 1-7 
2016/02/16 19:00:47 ERROR - jmeter.protocol.http.sampler.HTTPJavaImpl: readResponse: java.io.IOException: Server returned HTTP response code: 502 for URL: http://uploader.mesos.ps.nginxlab.com/album 
2016/02/16 19:00:47 ERROR - jmeter.protocol.http.sampler.HTTPJavaImpl: Cause: java.io.IOException: Server returned HTTP response code: 502 for URL: http://uploader.mesos.ps.nginxlab.com/album 
2016/02/16 19:00:47 INFO  - jmeter.protocol.http.sampler.HTTPJavaImpl: Error Response Code: 502 
2016/02/16 19:00:47 INFO  - jmeter.threads.JMeterThread: Thread finished: Users 1-8 
2016/02/16 19:00:58 ERROR - jmeter.protocol.http.sampler.HTTPJavaImpl: readResponse: java.io.IOException: Server returned HTTP response code: 502 for URL: http://uploader.mesos.ps.nginxlab.com/album 
2016/02/16 19:00:58 ERROR - jmeter.protocol.http.sampler.HTTPJavaImpl: Cause: java.io.IOException: Server returned HTTP response code: 502 for URL: http://uploader.mesos.ps.nginxlab.com/album 
2016/02/16 19:00:58 INFO  - jmeter.protocol.http.sampler.HTTPJavaImpl: Error Response Code: 502 
2016/02/16 19:00:58 INFO  - jmeter.threads.JMeterThread: Thread finished: Users 1-3 
2016/02/16 19:00:58 INFO  - jmeter.engine.StandardJMeterEngine: Notifying test listeners of end of test 
2016/02/16 19:00:58 INFO  - jmeter.gui.util.JMeterMenuBar: setRunning(false,*local*) 
2016/02/16 19:02:57 INFO  - jmeter.engine.StandardJMeterEngine: Running the test! 
2016/02/16 19:02:57 INFO  - jmeter.samplers.SampleEvent: List of sample_variables: [] 
2016/02/16 19:02:57 INFO  - jmeter.testelement.TestPlan: add /Users/chrisstetson/Pictures/ny_orchid_show_2002 to classpath 
2016/02/16 19:02:57 INFO  - jmeter.gui.util.JMeterMenuBar: setRunning(true,*local*) 
2016/02/16 19:02:57 INFO  - jmeter.engine.StandardJMeterEngine: Starting ThreadGroup: 1 : Users 
2016/02/16 19:02:57 INFO  - jmeter.engine.StandardJMeterEngine: Starting 10 threads for group Users. 
2016/02/16 19:02:57 INFO  - jmeter.engine.StandardJMeterEngine: Thread will continue on error 
2016/02/16 19:02:57 INFO  - jmeter.threads.ThreadGroup: Starting thread group number 1 threads 10 ramp-up 10 perThread 1000.0 delayedStart=false 
2016/02/16 19:02:57 INFO  - jmeter.threads.JMeterThread: Thread started: Users 1-1 
2016/02/16 19:02:57 INFO  - jmeter.threads.ThreadGroup: Started thread group number 1 
2016/02/16 19:02:57 INFO  - jmeter.engine.StandardJMeterEngine: All thread groups have been started 
2016/02/16 19:02:58 INFO  - jmeter.threads.JMeterThread: Thread started: Users 1-2 
2016/02/16 19:02:59 INFO  - jmeter.threads.JMeterThread: Thread is done: Users 1-1 
2016/02/16 19:02:59 INFO  - jmeter.threads.JMeterThread: Thread finished: Users 1-1 
2016/02/16 19:02:59 INFO  - jmeter.threads.JMeterThread: Thread started: Users 1-3 
2016/02/16 19:03:00 INFO  - jmeter.threads.JMeterThread: Thread started: Users 1-4 
2016/02/16 19:03:00 INFO  - jmeter.threads.JMeterThread: Thread is done: Users 1-2 
2016/02/16 19:03:00 INFO  - jmeter.threads.JMeterThread: Thread finished: Users 1-2 
2016/02/16 19:03:01 INFO  - jmeter.threads.JMeterThread: Thread started: Users 1-5 
2016/02/16 19:03:01 INFO  - jmeter.threads.JMeterThread: Thread is done: Users 1-3 
2016/02/16 19:03:01 INFO  - jmeter.threads.JMeterThread: Thread finished: Users 1-3 
2016/02/16 19:03:02 INFO  - jmeter.threads.JMeterThread: Thread is done: Users 1-4 
2016/02/16 19:03:02 INFO  - jmeter.threads.JMeterThread: Thread finished: Users 1-4 
2016/02/16 19:03:02 INFO  - jmeter.threads.JMeterThread: Thread started: Users 1-6 
2016/02/16 19:03:03 INFO  - jmeter.threads.JMeterThread: Thread is done: Users 1-5 
2016/02/16 19:03:03 INFO  - jmeter.threads.JMeterThread: Thread finished: Users 1-5 
2016/02/16 19:03:03 INFO  - jmeter.threads.JMeterThread: Thread started: Users 1-7 
2016/02/16 19:03:04 INFO  - jmeter.threads.JMeterThread: Thread is done: Users 1-6 
2016/02/16 19:03:04 INFO  - jmeter.threads.JMeterThread: Thread finished: Users 1-6 
2016/02/16 19:03:04 INFO  - jmeter.threads.JMeterThread: Thread started: Users 1-8 
2016/02/16 19:03:04 INFO  - jmeter.threads.JMeterThread: Thread is done: Users 1-7 
2016/02/16 19:03:04 INFO  - jmeter.threads.JMeterThread: Thread finished: Users 1-7 
2016/02/16 19:03:05 INFO  - jmeter.threads.JMeterThread: Thread is done: Users 1-8 
2016/02/16 19:03:05 INFO  - jmeter.threads.JMeterThread: Thread finished: Users 1-8 
2016/02/16 19:03:05 INFO  - jmeter.threads.JMeterThread: Thread started: Users 1-9 
2016/02/16 19:03:06 INFO  - jmeter.threads.JMeterThread: Thread is done: Users 1-9 
2016/02/16 19:03:06 INFO  - jmeter.threads.JMeterThread: Thread finished: Users 1-9 
2016/02/16 19:03:06 INFO  - jmeter.threads.JMeterThread: Thread started: Users 1-10 
2016/02/16 19:03:07 INFO  - jmeter.threads.JMeterThread: Thread is done: Users 1-10 
2016/02/16 19:03:07 INFO  - jmeter.threads.JMeterThread: Thread finished: Users 1-10 
2016/02/16 19:03:07 INFO  - jmeter.engine.StandardJMeterEngine: Notifying test listeners of end of test 
2016/02/16 19:03:07 INFO  - jmeter.gui.util.JMeterMenuBar: setRunning(false,*local*) 
2016/02/16 19:03:35 INFO  - jmeter.engine.StandardJMeterEngine: Running the test! 
2016/02/16 19:03:35 INFO  - jmeter.samplers.SampleEvent: List of sample_variables: [] 
2016/02/16 19:03:35 INFO  - jmeter.testelement.TestPlan: add /Users/chrisstetson/Pictures/ny_orchid_show_2002 to classpath 
2016/02/16 19:03:35 INFO  - jmeter.gui.util.JMeterMenuBar: setRunning(true,*local*) 
2016/02/16 19:03:35 INFO  - jmeter.engine.StandardJMeterEngine: Starting ThreadGroup: 1 : Users 
2016/02/16 19:03:35 INFO  - jmeter.engine.StandardJMeterEngine: Starting 10 threads for group Users. 
2016/02/16 19:03:35 INFO  - jmeter.engine.StandardJMeterEngine: Thread will continue on error 
2016/02/16 19:03:35 INFO  - jmeter.threads.ThreadGroup: Starting thread group number 1 threads 10 ramp-up 10 perThread 1000.0 delayedStart=false 
2016/02/16 19:03:35 INFO  - jmeter.threads.JMeterThread: Thread started: Users 1-1 
2016/02/16 19:03:35 INFO  - jmeter.threads.ThreadGroup: Started thread group number 1 
2016/02/16 19:03:35 INFO  - jmeter.engine.StandardJMeterEngine: All thread groups have been started 
2016/02/16 19:03:36 INFO  - jmeter.threads.JMeterThread: Thread started: Users 1-2 
2016/02/16 19:03:36 INFO  - jmeter.threads.JMeterThread: Thread is done: Users 1-1 
2016/02/16 19:03:36 INFO  - jmeter.threads.JMeterThread: Thread finished: Users 1-1 
2016/02/16 19:03:37 INFO  - jmeter.threads.JMeterThread: Thread started: Users 1-3 
2016/02/16 19:03:38 INFO  - jmeter.threads.JMeterThread: Thread started: Users 1-4 
2016/02/16 19:03:38 INFO  - jmeter.threads.JMeterThread: Thread is done: Users 1-2 
2016/02/16 19:03:38 INFO  - jmeter.threads.JMeterThread: Thread finished: Users 1-2 
2016/02/16 19:03:39 INFO  - jmeter.threads.JMeterThread: Thread started: Users 1-5 
2016/02/16 19:03:39 INFO  - jmeter.threads.JMeterThread: Thread is done: Users 1-3 
2016/02/16 19:03:39 INFO  - jmeter.threads.JMeterThread: Thread finished: Users 1-3 
2016/02/16 19:03:40 INFO  - jmeter.threads.JMeterThread: Thread is done: Users 1-4 
2016/02/16 19:03:40 INFO  - jmeter.threads.JMeterThread: Thread finished: Users 1-4 
2016/02/16 19:03:40 INFO  - jmeter.threads.JMeterThread: Thread started: Users 1-6 
2016/02/16 19:03:40 INFO  - jmeter.reporters.ResultCollector: Shutdown hook started 
2016/02/16 19:03:40 INFO  - jmeter.reporters.ResultCollector: Shutdown hook ended 
